CREATE USER SA PASSWORD "" ADMIN
/*C1*/SET SCHEMA PUBLIC
CONNECT USER SA
/*C2*/SET SCHEMA PUBLIC
CONNECT USER SA
CREATE TABLE PLATZ (ID INTEGER GENERATED BY DEFAULT AS IDENTITY (START WITH 1, INCREMENT BY 1) NOT NULL, STATUS INTEGER NOT NULL, NUMMER INTEGER NOT NULL, VERSION INTEGER, TRANSAKTION_ID INTEGER, AUFFUEHRUNG_ID INTEGER, REIHE_ID INTEGER, KATEGORIE_ID INTEGER, PRIMARY KEY (ID))
CREATE TABLE ORT (ID INTEGER GENERATED BY DEFAULT AS IDENTITY (START WITH 1, INCREMENT BY 1) NOT NULL, BEZEICHNUNG VARCHAR(50) NOT NULL, BESITZER VARCHAR(40), TELNR VARCHAR(30), VERSION INTEGER, OEFFNUNGSZEITEN VARCHAR, TYP INTEGER NOT NULL, VERKAUFSSTELLE BOOLEAN, KIOSK BOOLEAN, STRASSE VARCHAR(80) NOT NULL, PLZ VARCHAR(5) NOT NULL, ORT VARCHAR(50) NOT NULL, LAND VARCHAR(40), PRIMARY KEY (ID))
CREATE TABLE AUFFUEHRUNG (ID INTEGER GENERATED BY DEFAULT AS IDENTITY (START WITH 1, INCREMENT BY 1) NOT NULL, DATUMUHRZEIT TIMESTAMP NOT NULL, STORNIERT BOOLEAN, PREIS INTEGER NOT NULL, HINWEIS VARCHAR, VERSION INTEGER, VERANSTALTUNG_ID INTEGER, SAAL_ID INTEGER, PRIMARY KEY (ID))
CREATE TABLE VERANSTALTUNG (ID INTEGER GENERATED BY DEFAULT AS IDENTITY (START WITH 1, INCREMENT BY 1) NOT NULL, BEZEICHNUNG VARCHAR(30) NOT NULL, SUBKATEGORIE VARCHAR(30), DAUER INTEGER NOT NULL, SPRACHETON VARCHAR(30), BEWERTUNG VARCHAR, HINWEIS VARCHAR, INHALT LONGVARCHAR, KRITIK VARCHAR, SPRACHEUT VARCHAR(30), VERSION INTEGER, JAHRERSTELLUNG INTEGER, FREIGABE VARCHAR(30), ABBILDUNG VARCHAR(100), KATEGORIE VARCHAR(30) NOT NULL, PRIMARY KEY (ID))
CREATE TABLE KATEGORIE (ID INTEGER GENERATED BY DEFAULT AS IDENTITY (START WITH 1, INCREMENT BY 1) NOT NULL, BEZEICHNUNG VARCHAR(30) NOT NULL, PREISMIN NUMERIC(38), PREISSTD NUMERIC(38), PREISMAX NUMERIC(38), VERSION INTEGER, PRIMARY KEY (ID))
CREATE TABLE SAAL (ID INTEGER GENERATED BY DEFAULT AS IDENTITY (START WITH 1, INCREMENT BY 1) NOT NULL, BEZEICHNUNG VARCHAR(80) NOT NULL, KOSTENPROTAG NUMERIC(38), VERSION INTEGER, ORT_ID INTEGER, PRIMARY KEY (ID))
CREATE TABLE ENGAGEMENT (ID INTEGER GENERATED BY DEFAULT AS IDENTITY (START WITH 1, INCREMENT BY 1) NOT NULL, GAGE NUMERIC(38), FUNKTION VARCHAR, VERSION INTEGER, VERANSTALTUNG_ID INTEGER, KUENSTLER_ID INTEGER, PRIMARY KEY (ID))
CREATE TABLE NEWS (ID INTEGER GENERATED BY DEFAULT AS IDENTITY (START WITH 1, INCREMENT BY 1) NOT NULL, TEXT LONGVARCHAR, TITEL VARCHAR(100) NOT NULL, LINK VARCHAR, DATUM DATE NOT NULL, VERSION INTEGER, ORT_ID INTEGER, PRIMARY KEY (ID))
CREATE TABLE TRANSAKTION (ID INTEGER GENERATED BY DEFAULT AS IDENTITY (START WITH 1, INCREMENT BY 1) NOT NULL, DATUMUHRZEIT TIMESTAMP NOT NULL, STATUS INTEGER NOT NULL, ZAHLUNGSART INTEGER NOT NULL, RESERVIERUNGSNR INTEGER, VERSION INTEGER, MITARBEITER_ID INTEGER, KUNDE_ID INTEGER, PRIMARY KEY (ID))
CREATE TABLE PERSON (ID INTEGER GENERATED BY DEFAULT AS IDENTITY (START WITH 1, INCREMENT BY 1) NOT NULL, TYP VARCHAR(31), NACHNAME VARCHAR(50) NOT NULL, VORNAME VARCHAR(30) NOT NULL, GEBURTSDATUM DATE, TELNR VARCHAR, GESCHLECHT INTEGER, BLZ VARCHAR, VERSION INTEGER, EMAIL VARCHAR, TITEL VARCHAR(30), KONTONR VARCHAR, ORT_ID INTEGER, STRASSE VARCHAR(80) NOT NULL, PLZ VARCHAR(5) NOT NULL, ORT VARCHAR(50) NOT NULL, LAND VARCHAR(40), USERNAME VARCHAR(50), BERECHTIGUNG INTEGER, PASSWORT VARCHAR(20), SOZIALVERSICHERUNGSNR VARCHAR(12), KREDITKARTENNR VARCHAR(16), KONTOSTAND NUMERIC(38), ERMAESSIGUNG NUMERIC(38), VORLIEBEN VARCHAR, TICKETCARDNR VARCHAR(20), KONTOLIMIT NUMERIC(38), TICKETCARDGUELTIGBIS DATE, GRUPPE INTEGER, GESPERRT BOOLEAN, KREDITKARTEGUELTIGBIS DATE, KREDITKARTENTYP INTEGER, ERMAECHTIGUNG BOOLEAN, PRIMARY KEY (ID))
CREATE TABLE ARTIKEL (ID INTEGER GENERATED BY DEFAULT AS IDENTITY (START WITH 1, INCREMENT BY 1) NOT NULL, PREIS NUMERIC(38) NOT NULL, BESCHREIBUNG LONGVARCHAR, ABBILDUNG VARCHAR, KATEGORIE INTEGER NOT NULL, KURZBEZEICHNUNG VARCHAR(30) NOT NULL, VERSION INTEGER, VERANSTALTUNG_ID INTEGER, PRIMARY KEY (ID))
CREATE TABLE REIHE (ID INTEGER GENERATED BY DEFAULT AS IDENTITY (START WITH 1, INCREMENT BY 1) NOT NULL, BEZEICHNUNG VARCHAR, ANZPLAETZE INTEGER NOT NULL, REIHENFOLGE INTEGER NOT NULL, SITZPLATZ BOOLEAN NOT NULL, STARTPLATZ INTEGER NOT NULL, VERSION INTEGER, KATEGORIE_ID INTEGER, SAAL_ID INTEGER, PRIMARY KEY (ID))
CREATE TABLE KUENSTLER (ID INTEGER GENERATED BY DEFAULT AS IDENTITY (START WITH 1, INCREMENT BY 1) NOT NULL, NACHNAME VARCHAR(50) NOT NULL, VORNAME VARCHAR(50) NOT NULL, GEBURTSDATUM DATE, TITEL VARCHAR(30), BIOGRAPHIE LONGVARCHAR, GESCHLECHT INTEGER, VERSION INTEGER, PRIMARY KEY (ID))
CREATE TABLE BESTELLUNG (ID INTEGER GENERATED BY DEFAULT AS IDENTITY (START WITH 1, INCREMENT BY 1) NOT NULL, BESTELLZEITPUNKT TIMESTAMP NOT NULL, ANMERKUNGEN LONGVARCHAR, ZAHLUNGSART INTEGER NOT NULL, BEZAHLT BOOLEAN, VERSANDT BOOLEAN, VERSION INTEGER, KUNDE_ID INTEGER, PRIMARY KEY (ID))
CREATE TABLE BESTELLPOSITION (ID INTEGER GENERATED BY DEFAULT AS IDENTITY (START WITH 1, INCREMENT BY 1) NOT NULL, MENGE INTEGER NOT NULL, VERSION INTEGER, BESTELLUNG_ID INTEGER, ARTIKEL_ID INTEGER, PRIMARY KEY (ID))
ALTER TABLE PERSON ADD CONSTRAINT UNQ_PERSON_0 UNIQUE (username)
ALTER TABLE PLATZ ADD CONSTRAINT FK_PLATZ_AUFFUEHRUNG_ID FOREIGN KEY (AUFFUEHRUNG_ID) REFERENCES AUFFUEHRUNG (ID)
ALTER TABLE PLATZ ADD CONSTRAINT FK_PLATZ_REIHE_ID FOREIGN KEY (REIHE_ID) REFERENCES REIHE (ID)
ALTER TABLE PLATZ ADD CONSTRAINT FK_PLATZ_TRANSAKTION_ID FOREIGN KEY (TRANSAKTION_ID) REFERENCES TRANSAKTION (ID)
ALTER TABLE PLATZ ADD CONSTRAINT FK_PLATZ_KATEGORIE_ID FOREIGN KEY (KATEGORIE_ID) REFERENCES KATEGORIE (ID)
ALTER TABLE AUFFUEHRUNG ADD CONSTRAINT FK_AUFFUEHRUNG_SAAL_ID FOREIGN KEY (SAAL_ID) REFERENCES SAAL (ID)
ALTER TABLE AUFFUEHRUNG ADD CONSTRAINT FK_AUFFUEHRUNG_VERANSTALTUNG_ID FOREIGN KEY (VERANSTALTUNG_ID) REFERENCES VERANSTALTUNG (ID)
ALTER TABLE SAAL ADD CONSTRAINT FK_SAAL_ORT_ID FOREIGN KEY (ORT_ID) REFERENCES ORT (ID)
ALTER TABLE ENGAGEMENT ADD CONSTRAINT FK_ENGAGEMENT_KUENSTLER_ID FOREIGN KEY (KUENSTLER_ID) REFERENCES KUENSTLER (ID)
ALTER TABLE ENGAGEMENT ADD CONSTRAINT FK_ENGAGEMENT_VERANSTALTUNG_ID FOREIGN KEY (VERANSTALTUNG_ID) REFERENCES VERANSTALTUNG (ID)
ALTER TABLE NEWS ADD CONSTRAINT FK_NEWS_ORT_ID FOREIGN KEY (ORT_ID) REFERENCES ORT (ID)
ALTER TABLE TRANSAKTION ADD CONSTRAINT FK_TRANSAKTION_MITARBEITER_ID FOREIGN KEY (MITARBEITER_ID) REFERENCES PERSON (ID)
ALTER TABLE TRANSAKTION ADD CONSTRAINT FK_TRANSAKTION_KUNDE_ID FOREIGN KEY (KUNDE_ID) REFERENCES PERSON (ID)
ALTER TABLE PERSON ADD CONSTRAINT FK_PERSON_ORT_ID FOREIGN KEY (ORT_ID) REFERENCES ORT (ID)
ALTER TABLE ARTIKEL ADD CONSTRAINT FK_ARTIKEL_VERANSTALTUNG_ID FOREIGN KEY (VERANSTALTUNG_ID) REFERENCES VERANSTALTUNG (ID)
ALTER TABLE REIHE ADD CONSTRAINT FK_REIHE_KATEGORIE_ID FOREIGN KEY (KATEGORIE_ID) REFERENCES KATEGORIE (ID)
ALTER TABLE REIHE ADD CONSTRAINT FK_REIHE_SAAL_ID FOREIGN KEY (SAAL_ID) REFERENCES SAAL (ID)
ALTER TABLE BESTELLUNG ADD CONSTRAINT FK_BESTELLUNG_KUNDE_ID FOREIGN KEY (KUNDE_ID) REFERENCES PERSON (ID)
ALTER TABLE BESTELLPOSITION ADD CONSTRAINT FK_BESTELLPOSITION_ARTIKEL_ID FOREIGN KEY (ARTIKEL_ID) REFERENCES ARTIKEL (ID)
ALTER TABLE BESTELLPOSITION ADD CONSTRAINT FK_BESTELLPOSITION_BESTELLUNG_ID FOREIGN KEY (BESTELLUNG_ID) REFERENCES BESTELLUNG (ID)
/*C3*/SET SCHEMA PUBLIC
CONNECT USER SA
SET AUTOCOMMIT FALSE
INSERT INTO VERANSTALTUNG VALUES(1,'Medea',NULL,150,'Deutsch',NULL,'inszeniert von Aribert Reimann',NULL,NULL,NULL,0,NULL,NULL,NULL,'Oper')
INSERT INTO VERANSTALTUNG VALUES(2,'Die heilige Johanna der Schlachthoefe',NULL,150,'Deutsch',NULL,'Bertholt Brecht',NULL,NULL,NULL,0,NULL,NULL,NULL,'Theater')
INSERT INTO VERANSTALTUNG VALUES(3,'Rasmus, Pontus und der Schwertschlucker',NULL,120,'Deutsch',NULL,'Astrid Lindgren',NULL,NULL,NULL,0,NULL,NULL,NULL,'Theater')
INSERT INTO VERANSTALTUNG VALUES(4,'Richard II.',NULL,180,'Englisch',NULL,'William Shakespeare',NULL,NULL,NULL,0,NULL,NULL,NULL,'Theater')
INSERT INTO VERANSTALTUNG VALUES(5,'Zauberklang und Blechsalat',NULL,60,'',NULL,'mund.ART Quintett Wien',NULL,NULL,NULL,0,NULL,NULL,NULL,'Konzert')
INSERT INTO VERANSTALTUNG VALUES(6,'Waldstein Ensemble',NULL,135,'',NULL,'Mozart, Faure, Brahms',NULL,NULL,NULL,0,NULL,NULL,NULL,'Konzert')
INSERT INTO ORT VALUES(1,'Staatsoper Wien','Wiener Staatsoper GmbH',NULL,0,NULL,4,TRUE,FALSE,'Opernring 2','1010','Wien','\u00c3\u2013sterreich')
INSERT INTO ORT VALUES(2,'Burgtheater','Besitzer Burgtheater',NULL,0,NULL,3,FALSE,FALSE,'Dr. Karl Lueger-Ring 2','1010','Wien','\u00c3\u2013sterreich')
INSERT INTO ORT VALUES(3,'Akademietheater','Besitzer Burgtheater',NULL,0,NULL,3,FALSE,FALSE,'Lisztstra\u00c3\u0178e 1','1030','Wien','\u00c3\u2013sterreich')
INSERT INTO ORT VALUES(4,'Musikverein','Gesellschaft der Musikfreunde in Wien',NULL,0,NULL,6,TRUE,FALSE,'B\u00c3\u00b6sendorferstra\u00c3\u0178e 1','1010','Wien','\u00c3\u2013sterreich')
INSERT INTO SAAL VALUES(1,'Staatsoper',3440.12,0,1)
INSERT INTO SAAL VALUES(2,'Burgtheater',24988.82,0,2)
INSERT INTO SAAL VALUES(3,'Akademietheather',124.56,0,3)
INSERT INTO SAAL VALUES(4,'Musikverein - Brahms-Saal',2345.00,0,4)
INSERT INTO SAAL VALUES(5,'Musikverein - Gro\u00c3\u0178er Saal',285443.05,0,4)
INSERT INTO SAAL VALUES(6,'Musikverein - Gl\u00c3\u00a4sener Saal',1.00,0,4)
INSERT INTO AUFFUEHRUNG VALUES(1,'2011-01-31 20:00:00.000000000',FALSE,2,'Premiere',0,1,1)
INSERT INTO AUFFUEHRUNG VALUES(2,'2011-01-28 19:30:00.000000000',FALSE,1,'Hinweis',0,2,2)
INSERT INTO AUFFUEHRUNG VALUES(3,'2011-03-12 11:30:00.000000000',FALSE,0,'Hinweis',0,3,3)
INSERT INTO AUFFUEHRUNG VALUES(4,'2011-01-31 17:00:00.000000000',FALSE,1,'Special',0,4,2)
INSERT INTO AUFFUEHRUNG VALUES(5,'2011-04-30 16:30:00.000000000',FALSE,2,'Hinweis',0,5,4)
INSERT INTO AUFFUEHRUNG VALUES(6,'2011-01-21 16:30:00.000000000',TRUE,1,'Hinweis',0,5,6)
INSERT INTO AUFFUEHRUNG VALUES(7,'2011-01-01 19:00:00.000000000',TRUE,0,'Neujahrskonzert',0,6,4)
INSERT INTO KATEGORIE VALUES(1,'20',30,40,1,4)
INSERT INTO KATEGORIE VALUES(2,'200',350,430,2,5)
INSERT INTO KATEGORIE VALUES(3,'2',3,4,3,6)
INSERT INTO KATEGORIE VALUES(4,'50',70,90,4,7)
INSERT INTO REIHE VALUES(1,'1. Reihe',5,4,TRUE,1,1,2,2)
INSERT INTO REIHE VALUES(2,'2. Reihe',5,4,TRUE,1,1,2,2)
INSERT INTO REIHE VALUES(3,'3. Reihe',5,4,TRUE,1,1,2,2)
INSERT INTO REIHE VALUES(4,'4. Reihe',5,4,TRUE,1,1,2,2)
INSERT INTO REIHE VALUES(5,'5. Reihe',5,4,TRUE,1,1,2,2)
INSERT INTO REIHE VALUES(6,'1. Reihe',5,4,TRUE,1,1,1,1)
INSERT INTO REIHE VALUES(7,'2. Reihe',5,4,TRUE,1,1,1,1)
INSERT INTO REIHE VALUES(8,'3. Reihe',5,4,TRUE,1,1,1,1)
INSERT INTO REIHE VALUES(9,'4. Reihe',5,4,TRUE,1,1,1,1)
INSERT INTO REIHE VALUES(10,'5. Reihe',5,4,TRUE,1,1,1,1)
INSERT INTO PERSON VALUES(1,'M','Max','Mustermann','1950-09-01','+436761234567',0,NULL,0,'max@mustermann.at',NULL,NULL,3,'Musterstra\u00c3\u0178e 1','1234','Musterstadt','Musterland','max',0,'max','9876543210',NULL,NULL,NULL,NULL,NULL,NULL,NULL,NULL,FALSE,NULL,NULL,TRUE)
INSERT INTO PERSON VALUES(2,'M','Sadransky','Bernhard','1984-09-07','+436645305591',0,NULL,0,'e0627796@student.tuwien.ac.at',NULL,NULL,1,'Stra\u00c3\u0178e 137','2042','Guntersdorf','\u00c3\u2013sterreich','sadi',3,'sadi','1234070984',NULL,NULL,NULL,NULL,NULL,NULL,NULL,NULL,FALSE,NULL,NULL,TRUE)
INSERT INTO PERSON VALUES(3,'K','Irgendwas','Held','1984-09-07','+4369912345323',0,NULL,0,'irgendwas@held.at',NULL,NULL,1,'Stra\u00c3\u0178e 137','2042','Guntersdorf','\u00c3\u2013sterreich',NULL,3,NULL,'1234070984','43212321',NULL,NULL,NULL,NULL,NULL,NULL,NULL,FALSE,NULL,NULL,FALSE)
INSERT INTO PERSON VALUES(4,'K','Herbert','Mayer','1988-09-06','+4369912345343',0,NULL,0,'mayer@aon.at',NULL,NULL,1,'Stra\u00c3\u0178e 138','2042','Guntersdorf','\u00c3\u2013sterreich',NULL,3,NULL,'1234070985','43212321',NULL,NULL,NULL,NULL,NULL,NULL,NULL,FALSE,NULL,NULL,FALSE)
INSERT INTO KUENSTLER VALUES(1,'Muster','Thomas','1975-02-12','Dr','',0,1)
INSERT INTO ENGAGEMENT VALUES(1,15000,'',1,4,1)
INSERT INTO ARTIKEL VALUES(1,25,'Lustiges Spielzeug',NULL,0,'LS',1,1)
INSERT INTO ARTIKEL VALUES(2,299,'T-Shirt aus Gold',NULL,0,'TSG',1,1)
INSERT INTO ARTIKEL VALUES(3,29.99,'Kaffeebecher',NULL,0,'Becher',1,2)
INSERT INTO ARTIKEL VALUES(4,80,'CD des St\u00c3\u00bccks (Einzelst\u00c3\u00bcck)',NULL,0,'CD',1,2)
INSERT INTO ARTIKEL VALUES(5,10,'Autogramm des Hauptdarstellers',NULL,0,'Autogramm',1,3)
COMMIT
DISCONNECT
/*C2*/DISCONNECT
